
7月 10, 2017 09:07:35.42 NEW SESSION
7月 10, 2017 09:07:35.42 [3512:7064:0710/090735.383:ERROR:CONSOLE(6)] "Uncaught ReferenceError: gbar is not defined", source: https://clients5.google.com/pagead/drt/dn/ (6)
7月 10, 2017 09:09:50.64 [3512:7064:0710/090950.647:ERROR:CONSOLE(6)] "Uncaught ReferenceError: gbar is not defined", source: https://clients5.google.com/pagead/drt/dn/ (6)
7月 10, 2017 09:17:30.41 [3512:7064:0710/091730.417:ERROR:CONSOLE(6)] "Uncaught ReferenceError: gbar is not defined", source: https://clients5.google.com/pagead/drt/dn/ (6)

7月 14, 2017 09:19:59.40 NEW SESSION
7月 14, 2017 09:19:59.40 [13140:2560:0714/091959.390:ERROR:extension_protocols.cc(357)] Allowing load of chrome-extension://elgalmkoelokbchhkhacckoklkejnhcd/build/content-script.js.mapfrom unknown origin. Could not find user data for request.
7月 14, 2017 09:19:59.40 [13140:2560:0714/091959.392:ERROR:extension_protocols.cc(357)] Allowing load of chrome-extension://elgalmkoelokbchhkhacckoklkejnhcd/build/ng-validate.js.mapfrom unknown origin. Could not find user data for request.
7月 14, 2017 09:20:26.55 [13140:2560:0714/092026.550:ERROR:extension_protocols.cc(357)] Allowing load of chrome-extension://elgalmkoelokbchhkhacckoklkejnhcd/build/content-script.js.mapfrom unknown origin. Could not find user data for request.
7月 14, 2017 09:20:26.55 [13140:2560:0714/092026.551:ERROR:extension_protocols.cc(357)] Allowing load of chrome-extension://elgalmkoelokbchhkhacckoklkejnhcd/build/ng-validate.js.mapfrom unknown origin. Could not find user data for request.
7月 14, 2017 09:21:57.58 [13140:2560:0714/092157.580:ERROR:extension_protocols.cc(357)] Allowing load of chrome-extension://elgalmkoelokbchhkhacckoklkejnhcd/build/content-script.js.mapfrom unknown origin. Could not find user data for request.
7月 14, 2017 09:21:57.86 [13140:2560:0714/092157.866:ERROR:extension_protocols.cc(357)] Allowing load of chrome-extension://elgalmkoelokbchhkhacckoklkejnhcd/build/ng-validate.js.mapfrom unknown origin. Could not find user data for request.
7月 14, 2017 09:28:43.83 [13140:2560:0714/092843.836:ERROR:extension_protocols.cc(357)] Allowing load of chrome-extension://elgalmkoelokbchhkhacckoklkejnhcd/build/content-script.js.mapfrom unknown origin. Could not find user data for request.
7月 14, 2017 09:28:43.98 [13140:2560:0714/092843.987:ERROR:extension_protocols.cc(357)] Allowing load of chrome-extension://elgalmkoelokbchhkhacckoklkejnhcd/build/ng-validate.js.mapfrom unknown origin. Could not find user data for request.
7月 14, 2017 09:28:50.97 [13140:2560:0714/092850.970:ERROR:extension_protocols.cc(357)] Allowing load of chrome-extension://elgalmkoelokbchhkhacckoklkejnhcd/build/content-script.js.mapfrom unknown origin. Could not find user data for request.
7月 14, 2017 09:28:50.98 [13140:2560:0714/092850.980:ERROR:extension_protocols.cc(357)] Allowing load of chrome-extension://elgalmkoelokbchhkhacckoklkejnhcd/build/ng-validate.js.mapfrom unknown origin. Could not find user data for request.
7月 14, 2017 09:33:10.01 [13140:2560:0714/093310.017:ERROR:extension_protocols.cc(357)] Allowing load of chrome-extension://elgalmkoelokbchhkhacckoklkejnhcd/build/content-script.js.mapfrom unknown origin. Could not find user data for request.
7月 14, 2017 09:33:10.02 [13140:2560:0714/093310.020:ERROR:extension_protocols.cc(357)] Allowing load of chrome-extension://elgalmkoelokbchhkhacckoklkejnhcd/build/ng-validate.js.mapfrom unknown origin. Could not find user data for request.
7月 14, 2017 09:34:37.45 [13140:2560:0714/093437.455:ERROR:extension_protocols.cc(357)] Allowing load of chrome-extension://elgalmkoelokbchhkhacckoklkejnhcd/build/content-script.js.mapfrom unknown origin. Could not find user data for request.
7月 14, 2017 09:34:37.45 [13140:2560:0714/093437.456:ERROR:extension_protocols.cc(357)] Allowing load of chrome-extension://elgalmkoelokbchhkhacckoklkejnhcd/build/ng-validate.js.mapfrom unknown origin. Could not find user data for request.
7月 14, 2017 09:39:03.88 [13140:2560:0714/093903.883:ERROR:extension_protocols.cc(357)] Allowing load of chrome-extension://elgalmkoelokbchhkhacckoklkejnhcd/build/content-script.js.mapfrom unknown origin. Could not find user data for request.
7月 14, 2017 09:39:03.88 [13140:2560:0714/093903.884:ERROR:extension_protocols.cc(357)] Allowing load of chrome-extension://elgalmkoelokbchhkhacckoklkejnhcd/build/ng-validate.js.mapfrom unknown origin. Could not find user data for request.
7月 14, 2017 09:39:15.87 [13140:2560:0714/093915.872:ERROR:extension_protocols.cc(357)] Allowing load of chrome-extension://elgalmkoelokbchhkhacckoklkejnhcd/build/content-script.js.mapfrom unknown origin. Could not find user data for request.
7月 14, 2017 09:39:15.87 [13140:2560:0714/093915.875:ERROR:extension_protocols.cc(357)] Allowing load of chrome-extension://elgalmkoelokbchhkhacckoklkejnhcd/build/ng-validate.js.mapfrom unknown origin. Could not find user data for request.
7月 14, 2017 09:43:31.08 [13140:2560:0714/094331.081:ERROR:extension_protocols.cc(357)] Allowing load of chrome-extension://elgalmkoelokbchhkhacckoklkejnhcd/build/content-script.js.mapfrom unknown origin. Could not find user data for request.
7月 14, 2017 09:43:31.08 [13140:2560:0714/094331.083:ERROR:extension_protocols.cc(357)] Allowing load of chrome-extension://elgalmkoelokbchhkhacckoklkejnhcd/build/ng-validate.js.mapfrom unknown origin. Could not find user data for request.
7月 14, 2017 09:49:28.59 [13140:2560:0714/094928.596:ERROR:extension_protocols.cc(357)] Allowing load of chrome-extension://elgalmkoelokbchhkhacckoklkejnhcd/build/content-script.js.mapfrom unknown origin. Could not find user data for request.
7月 14, 2017 09:49:28.70 [13140:2560:0714/094928.702:ERROR:extension_protocols.cc(357)] Allowing load of chrome-extension://elgalmkoelokbchhkhacckoklkejnhcd/build/ng-validate.js.mapfrom unknown origin. Could not find user data for request.
7月 14, 2017 09:49:51.70 [13140:2560:0714/094951.707:ERROR:extension_protocols.cc(357)] Allowing load of chrome-extension://elgalmkoelokbchhkhacckoklkejnhcd/build/content-script.js.mapfrom unknown origin. Could not find user data for request.
7月 14, 2017 09:49:51.72 [13140:2560:0714/094951.721:ERROR:extension_protocols.cc(357)] Allowing load of chrome-extension://elgalmkoelokbchhkhacckoklkejnhcd/build/ng-validate.js.mapfrom unknown origin. Could not find user data for request.
7月 14, 2017 09:57:18.89 [13140:2560:0714/095718.890:ERROR:extension_protocols.cc(357)] Allowing load of chrome-extension://elgalmkoelokbchhkhacckoklkejnhcd/build/content-script.js.mapfrom unknown origin. Could not find user data for request.
7月 14, 2017 09:57:18.89 [13140:2560:0714/095718.891:ERROR:extension_protocols.cc(357)] Allowing load of chrome-extension://elgalmkoelokbchhkhacckoklkejnhcd/build/ng-validate.js.mapfrom unknown origin. Could not find user data for request.
7月 14, 2017 09:57:47.50 [13140:2560:0714/095747.507:ERROR:extension_protocols.cc(357)] Allowing load of chrome-extension://elgalmkoelokbchhkhacckoklkejnhcd/build/content-script.js.mapfrom unknown origin. Could not find user data for request.
7月 14, 2017 09:57:47.64 [13140:2560:0714/095747.644:ERROR:extension_protocols.cc(357)] Allowing load of chrome-extension://elgalmkoelokbchhkhacckoklkejnhcd/build/ng-validate.js.mapfrom unknown origin. Could not find user data for request.
7月 14, 2017 09:57:52.98 [13140:2560:0714/095752.989:ERROR:extension_protocols.cc(357)] Allowing load of chrome-extension://elgalmkoelokbchhkhacckoklkejnhcd/build/content-script.js.mapfrom unknown origin. Could not find user data for request.
7月 14, 2017 09:57:52.99 [13140:2560:0714/095752.995:ERROR:extension_protocols.cc(357)] Allowing load of chrome-extension://elgalmkoelokbchhkhacckoklkejnhcd/build/ng-validate.js.mapfrom unknown origin. Could not find user data for request.
7月 14, 2017 10:04:03.53 [13140:2560:0714/100403.531:ERROR:extension_protocols.cc(357)] Allowing load of chrome-extension://elgalmkoelokbchhkhacckoklkejnhcd/build/content-script.js.mapfrom unknown origin. Could not find user data for request.
7月 14, 2017 10:04:03.68 [13140:2560:0714/100403.686:ERROR:extension_protocols.cc(357)] Allowing load of chrome-extension://elgalmkoelokbchhkhacckoklkejnhcd/build/ng-validate.js.mapfrom unknown origin. Could not find user data for request.
7月 14, 2017 10:04:08.70 [13140:2560:0714/100408.705:ERROR:extension_protocols.cc(357)] Allowing load of chrome-extension://elgalmkoelokbchhkhacckoklkejnhcd/build/content-script.js.mapfrom unknown origin. Could not find user data for request.
7月 14, 2017 10:04:08.71 [13140:2560:0714/100408.711:ERROR:extension_protocols.cc(357)] Allowing load of chrome-extension://elgalmkoelokbchhkhacckoklkejnhcd/build/ng-validate.js.mapfrom unknown origin. Could not find user data for request.
7月 14, 2017 10:04:28.67 [13140:2560:0714/100428.670:ERROR:extension_protocols.cc(357)] Allowing load of chrome-extension://elgalmkoelokbchhkhacckoklkejnhcd/build/content-script.js.mapfrom unknown origin. Could not find user data for request.
7月 14, 2017 10:04:28.85 [13140:2560:0714/100428.849:ERROR:extension_protocols.cc(357)] Allowing load of chrome-extension://elgalmkoelokbchhkhacckoklkejnhcd/build/ng-validate.js.mapfrom unknown origin. Could not find user data for request.
7月 14, 2017 10:04:33.35 [13140:2560:0714/100433.351:ERROR:extension_protocols.cc(357)] Allowing load of chrome-extension://elgalmkoelokbchhkhacckoklkejnhcd/build/content-script.js.mapfrom unknown origin. Could not find user data for request.
7月 14, 2017 10:04:33.35 [13140:2560:0714/100433.358:ERROR:extension_protocols.cc(357)] Allowing load of chrome-extension://elgalmkoelokbchhkhacckoklkejnhcd/build/ng-validate.js.mapfrom unknown origin. Could not find user data for request.
7月 14, 2017 10:05:07.55 [13140:2560:0714/100507.551:ERROR:extension_protocols.cc(357)] Allowing load of chrome-extension://elgalmkoelokbchhkhacckoklkejnhcd/build/content-script.js.mapfrom unknown origin. Could not find user data for request.
7月 14, 2017 10:05:07.55 [13140:2560:0714/100507.553:ERROR:extension_protocols.cc(357)] Allowing load of chrome-extension://elgalmkoelokbchhkhacckoklkejnhcd/build/ng-validate.js.mapfrom unknown origin. Could not find user data for request.
7月 14, 2017 10:05:16.74 [13140:2560:0714/100516.746:ERROR:extension_protocols.cc(357)] Allowing load of chrome-extension://elgalmkoelokbchhkhacckoklkejnhcd/build/content-script.js.mapfrom unknown origin. Could not find user data for request.
7月 14, 2017 10:05:16.75 [13140:2560:0714/100516.748:ERROR:extension_protocols.cc(357)] Allowing load of chrome-extension://elgalmkoelokbchhkhacckoklkejnhcd/build/ng-validate.js.mapfrom unknown origin. Could not find user data for request.
7月 14, 2017 10:05:23.72 [13140:2560:0714/100523.724:ERROR:extension_protocols.cc(357)] Allowing load of chrome-extension://elgalmkoelokbchhkhacckoklkejnhcd/build/content-script.js.mapfrom unknown origin. Could not find user data for request.
7月 14, 2017 10:05:23.72 [13140:2560:0714/100523.726:ERROR:extension_protocols.cc(357)] Allowing load of chrome-extension://elgalmkoelokbchhkhacckoklkejnhcd/build/ng-validate.js.mapfrom unknown origin. Could not find user data for request.
7月 14, 2017 10:14:56.87 [13140:4616:0714/101456.872:ERROR:CONSOLE(146)] "Failed to execute 'postMessage' on 'DOMWindow': The target origin provided ('https://www.youtube.com') does not match the recipient window's origin ('https://www.google.com.tw').", source: chrome-search://most-visited/single.js (146)
7月 14, 2017 10:23:38.59 [13140:2560:0714/102338.595:ERROR:extension_protocols.cc(357)] Allowing load of chrome-extension://elgalmkoelokbchhkhacckoklkejnhcd/build/content-script.js.mapfrom unknown origin. Could not find user data for request.
7月 14, 2017 10:23:38.60 [13140:2560:0714/102338.600:ERROR:extension_protocols.cc(357)] Allowing load of chrome-extension://elgalmkoelokbchhkhacckoklkejnhcd/build/ng-validate.js.mapfrom unknown origin. Could not find user data for request.
7月 14, 2017 10:26:13.23 [13140:2560:0714/102613.236:ERROR:extension_protocols.cc(357)] Allowing load of chrome-extension://elgalmkoelokbchhkhacckoklkejnhcd/build/content-script.js.mapfrom unknown origin. Could not find user data for request.
7月 14, 2017 10:26:13.24 [13140:2560:0714/102613.241:ERROR:extension_protocols.cc(357)] Allowing load of chrome-extension://elgalmkoelokbchhkhacckoklkejnhcd/build/ng-validate.js.mapfrom unknown origin. Could not find user data for request.
7月 14, 2017 10:32:26.28 [13140:2560:0714/103226.286:ERROR:extension_protocols.cc(357)] Allowing load of chrome-extension://elgalmkoelokbchhkhacckoklkejnhcd/build/content-script.js.mapfrom unknown origin. Could not find user data for request.
7月 14, 2017 10:32:26.29 [13140:2560:0714/103226.291:ERROR:extension_protocols.cc(357)] Allowing load of chrome-extension://elgalmkoelokbchhkhacckoklkejnhcd/build/ng-validate.js.mapfrom unknown origin. Could not find user data for request.
7月 14, 2017 10:35:35.71 [13140:2560:0714/103535.717:ERROR:extension_protocols.cc(357)] Allowing load of chrome-extension://elgalmkoelokbchhkhacckoklkejnhcd/build/ng-validate.js.mapfrom unknown origin. Could not find user data for request.
7月 14, 2017 10:35:35.73 [13140:2560:0714/103535.737:ERROR:extension_protocols.cc(357)] Allowing load of chrome-extension://elgalmkoelokbchhkhacckoklkejnhcd/build/content-script.js.mapfrom unknown origin. Could not find user data for request.
7月 14, 2017 10:40:15.98 [13140:2560:0714/104015.988:ERROR:extension_protocols.cc(357)] Allowing load of chrome-extension://elgalmkoelokbchhkhacckoklkejnhcd/build/content-script.js.mapfrom unknown origin. Could not find user data for request.
7月 14, 2017 10:40:16.13 [13140:2560:0714/104016.134:ERROR:extension_protocols.cc(357)] Allowing load of chrome-extension://elgalmkoelokbchhkhacckoklkejnhcd/build/ng-validate.js.mapfrom unknown origin. Could not find user data for request.
7月 14, 2017 10:46:26.88 [13140:2560:0714/104626.881:ERROR:extension_protocols.cc(357)] Allowing load of chrome-extension://elgalmkoelokbchhkhacckoklkejnhcd/build/content-script.js.mapfrom unknown origin. Could not find user data for request.
7月 14, 2017 10:46:26.88 [13140:2560:0714/104626.882:ERROR:extension_protocols.cc(357)] Allowing load of chrome-extension://elgalmkoelokbchhkhacckoklkejnhcd/build/ng-validate.js.mapfrom unknown origin. Could not find user data for request.
7月 14, 2017 10:47:59.93 [13140:2560:0714/104759.933:ERROR:extension_protocols.cc(357)] Allowing load of chrome-extension://elgalmkoelokbchhkhacckoklkejnhcd/build/content-script.js.mapfrom unknown origin. Could not find user data for request.
7月 14, 2017 10:47:59.94 [13140:2560:0714/104759.935:ERROR:extension_protocols.cc(357)] Allowing load of chrome-extension://elgalmkoelokbchhkhacckoklkejnhcd/build/ng-validate.js.mapfrom unknown origin. Could not find user data for request.
7月 14, 2017 10:52:47.07 [13140:2560:0714/105247.071:ERROR:extension_protocols.cc(357)] Allowing load of chrome-extension://elgalmkoelokbchhkhacckoklkejnhcd/build/content-script.js.mapfrom unknown origin. Could not find user data for request.
7月 14, 2017 10:52:47.08 [13140:2560:0714/105247.079:ERROR:extension_protocols.cc(357)] Allowing load of chrome-extension://elgalmkoelokbchhkhacckoklkejnhcd/build/ng-validate.js.mapfrom unknown origin. Could not find user data for request.
7月 14, 2017 10:53:28.50 [13140:2560:0714/105328.500:ERROR:extension_protocols.cc(357)] Allowing load of chrome-extension://elgalmkoelokbchhkhacckoklkejnhcd/build/content-script.js.mapfrom unknown origin. Could not find user data for request.
7月 14, 2017 10:53:28.50 [13140:2560:0714/105328.506:ERROR:extension_protocols.cc(357)] Allowing load of chrome-extension://elgalmkoelokbchhkhacckoklkejnhcd/build/ng-validate.js.mapfrom unknown origin. Could not find user data for request.
7月 14, 2017 10:56:26.04 [13140:2560:0714/105626.043:ERROR:extension_protocols.cc(357)] Allowing load of chrome-extension://elgalmkoelokbchhkhacckoklkejnhcd/build/content-script.js.mapfrom unknown origin. Could not find user data for request.
7月 14, 2017 10:56:26.12 [13140:2560:0714/105626.125:ERROR:extension_protocols.cc(357)] Allowing load of chrome-extension://elgalmkoelokbchhkhacckoklkejnhcd/build/ng-validate.js.mapfrom unknown origin. Could not find user data for request.
7月 14, 2017 10:57:34.73 [13140:2560:0714/105734.736:ERROR:extension_protocols.cc(357)] Allowing load of chrome-extension://elgalmkoelokbchhkhacckoklkejnhcd/build/content-script.js.mapfrom unknown origin. Could not find user data for request.
7月 14, 2017 10:57:34.74 [13140:2560:0714/105734.738:ERROR:extension_protocols.cc(357)] Allowing load of chrome-extension://elgalmkoelokbchhkhacckoklkejnhcd/build/ng-validate.js.mapfrom unknown origin. Could not find user data for request.
7月 14, 2017 10:59:17.54 [13140:2560:0714/105917.546:ERROR:extension_protocols.cc(357)] Allowing load of chrome-extension://elgalmkoelokbchhkhacckoklkejnhcd/build/content-script.js.mapfrom unknown origin. Could not find user data for request.
7月 14, 2017 10:59:17.55 [13140:2560:0714/105917.548:ERROR:extension_protocols.cc(357)] Allowing load of chrome-extension://elgalmkoelokbchhkhacckoklkejnhcd/build/ng-validate.js.mapfrom unknown origin. Could not find user data for request.
7月 14, 2017 10:59:53.63 [13140:2560:0714/105953.637:ERROR:extension_protocols.cc(357)] Allowing load of chrome-extension://elgalmkoelokbchhkhacckoklkejnhcd/build/content-script.js.mapfrom unknown origin. Could not find user data for request.
7月 14, 2017 10:59:53.76 [13140:2560:0714/105953.763:ERROR:extension_protocols.cc(357)] Allowing load of chrome-extension://elgalmkoelokbchhkhacckoklkejnhcd/build/ng-validate.js.mapfrom unknown origin. Could not find user data for request.
7月 14, 2017 11:00:03.54 [13140:2560:0714/110003.547:ERROR:extension_protocols.cc(357)] Allowing load of chrome-extension://elgalmkoelokbchhkhacckoklkejnhcd/build/content-script.js.mapfrom unknown origin. Could not find user data for request.
7月 14, 2017 11:00:03.55 [13140:2560:0714/110003.548:ERROR:extension_protocols.cc(357)] Allowing load of chrome-extension://elgalmkoelokbchhkhacckoklkejnhcd/build/ng-validate.js.mapfrom unknown origin. Could not find user data for request.
7月 14, 2017 11:00:37.18 [13140:2560:0714/110037.181:ERROR:extension_protocols.cc(357)] Allowing load of chrome-extension://elgalmkoelokbchhkhacckoklkejnhcd/build/content-script.js.mapfrom unknown origin. Could not find user data for request.
7月 14, 2017 11:00:37.18 [13140:2560:0714/110037.183:ERROR:extension_protocols.cc(357)] Allowing load of chrome-extension://elgalmkoelokbchhkhacckoklkejnhcd/build/ng-validate.js.mapfrom unknown origin. Could not find user data for request.
7月 14, 2017 11:01:10.70 [13140:2560:0714/110110.708:ERROR:extension_protocols.cc(357)] Allowing load of chrome-extension://elgalmkoelokbchhkhacckoklkejnhcd/build/content-script.js.mapfrom unknown origin. Could not find user data for request.
7月 14, 2017 11:01:10.71 [13140:2560:0714/110110.717:ERROR:extension_protocols.cc(357)] Allowing load of chrome-extension://elgalmkoelokbchhkhacckoklkejnhcd/build/ng-validate.js.mapfrom unknown origin. Could not find user data for request.
7月 14, 2017 11:01:44.37 [13140:2560:0714/110144.372:ERROR:extension_protocols.cc(357)] Allowing load of chrome-extension://elgalmkoelokbchhkhacckoklkejnhcd/build/content-script.js.mapfrom unknown origin. Could not find user data for request.
7月 14, 2017 11:01:44.37 [13140:2560:0714/110144.374:ERROR:extension_protocols.cc(357)] Allowing load of chrome-extension://elgalmkoelokbchhkhacckoklkejnhcd/build/ng-validate.js.mapfrom unknown origin. Could not find user data for request.
7月 14, 2017 11:19:39.52 [13140:2560:0714/111939.525:ERROR:extension_protocols.cc(357)] Allowing load of chrome-extension://elgalmkoelokbchhkhacckoklkejnhcd/build/content-script.js.mapfrom unknown origin. Could not find user data for request.
7月 14, 2017 11:19:39.53 [13140:2560:0714/111939.531:ERROR:extension_protocols.cc(357)] Allowing load of chrome-extension://elgalmkoelokbchhkhacckoklkejnhcd/build/ng-validate.js.mapfrom unknown origin. Could not find user data for request.
7月 14, 2017 11:20:47.91 [13140:2560:0714/112047.913:ERROR:extension_protocols.cc(357)] Allowing load of chrome-extension://elgalmkoelokbchhkhacckoklkejnhcd/build/content-script.js.mapfrom unknown origin. Could not find user data for request.
7月 14, 2017 11:20:48.04 [13140:2560:0714/112048.045:ERROR:extension_protocols.cc(357)] Allowing load of chrome-extension://elgalmkoelokbchhkhacckoklkejnhcd/build/ng-validate.js.mapfrom unknown origin. Could not find user data for request.
7月 14, 2017 11:20:54.28 [13140:2560:0714/112054.285:ERROR:extension_protocols.cc(357)] Allowing load of chrome-extension://elgalmkoelokbchhkhacckoklkejnhcd/build/content-script.js.mapfrom unknown origin. Could not find user data for request.
7月 14, 2017 11:20:54.29 [13140:2560:0714/112054.295:ERROR:extension_protocols.cc(357)] Allowing load of chrome-extension://elgalmkoelokbchhkhacckoklkejnhcd/build/ng-validate.js.mapfrom unknown origin. Could not find user data for request.
7月 14, 2017 11:22:06.27 [13140:2560:0714/112206.274:ERROR:extension_protocols.cc(357)] Allowing load of chrome-extension://elgalmkoelokbchhkhacckoklkejnhcd/build/content-script.js.mapfrom unknown origin. Could not find user data for request.
7月 14, 2017 11:22:06.38 [13140:2560:0714/112206.381:ERROR:extension_protocols.cc(357)] Allowing load of chrome-extension://elgalmkoelokbchhkhacckoklkejnhcd/build/ng-validate.js.mapfrom unknown origin. Could not find user data for request.
7月 14, 2017 11:22:12.57 [13140:2560:0714/112212.576:ERROR:extension_protocols.cc(357)] Allowing load of chrome-extension://elgalmkoelokbchhkhacckoklkejnhcd/build/content-script.js.mapfrom unknown origin. Could not find user data for request.
7月 14, 2017 11:22:12.59 [13140:2560:0714/112212.591:ERROR:extension_protocols.cc(357)] Allowing load of chrome-extension://elgalmkoelokbchhkhacckoklkejnhcd/build/ng-validate.js.mapfrom unknown origin. Could not find user data for request.
7月 14, 2017 11:22:43.17 [13140:2560:0714/112243.174:ERROR:extension_protocols.cc(357)] Allowing load of chrome-extension://elgalmkoelokbchhkhacckoklkejnhcd/build/content-script.js.mapfrom unknown origin. Could not find user data for request.
7月 14, 2017 11:24:39.11 [13140:2560:0714/112439.116:ERROR:extension_protocols.cc(357)] Allowing load of chrome-extension://elgalmkoelokbchhkhacckoklkejnhcd/build/content-script.js.mapfrom unknown origin. Could not find user data for request.
7月 14, 2017 11:24:39.12 [13140:2560:0714/112439.120:ERROR:extension_protocols.cc(357)] Allowing load of chrome-extension://elgalmkoelokbchhkhacckoklkejnhcd/build/ng-validate.js.mapfrom unknown origin. Could not find user data for request.
7月 14, 2017 11:25:01.08 [13140:2560:0714/112501.080:ERROR:extension_protocols.cc(357)] Allowing load of chrome-extension://elgalmkoelokbchhkhacckoklkejnhcd/build/content-script.js.mapfrom unknown origin. Could not find user data for request.
7月 14, 2017 11:25:01.19 [13140:2560:0714/112501.193:ERROR:extension_protocols.cc(357)] Allowing load of chrome-extension://elgalmkoelokbchhkhacckoklkejnhcd/build/ng-validate.js.mapfrom unknown origin. Could not find user data for request.
7月 14, 2017 11:25:05.59 [13140:2560:0714/112505.591:ERROR:extension_protocols.cc(357)] Allowing load of chrome-extension://elgalmkoelokbchhkhacckoklkejnhcd/build/content-script.js.mapfrom unknown origin. Could not find user data for request.
7月 14, 2017 11:25:05.59 [13140:2560:0714/112505.598:ERROR:extension_protocols.cc(357)] Allowing load of chrome-extension://elgalmkoelokbchhkhacckoklkejnhcd/build/ng-validate.js.mapfrom unknown origin. Could not find user data for request.
7月 14, 2017 11:26:24.71 [13140:2560:0714/112624.709:ERROR:extension_protocols.cc(357)] Allowing load of chrome-extension://elgalmkoelokbchhkhacckoklkejnhcd/build/content-script.js.mapfrom unknown origin. Could not find user data for request.
7月 14, 2017 11:26:24.85 [13140:2560:0714/112624.849:ERROR:extension_protocols.cc(357)] Allowing load of chrome-extension://elgalmkoelokbchhkhacckoklkejnhcd/build/ng-validate.js.mapfrom unknown origin. Could not find user data for request.
7月 14, 2017 11:51:22.49 [13140:4616:0714/115122.497:ERROR:gcm_channel_status_request.cc(127)] GCM channel request failed.
7月 14, 2017 11:51:45.19 [13140:4616:0714/115145.192:ERROR:gcm_channel_status_request.cc(127)] GCM channel request failed.
7月 14, 2017 11:52:36.10 [13140:4616:0714/115236.099:ERROR:gcm_channel_status_request.cc(127)] GCM channel request failed.
7月 14, 2017 11:53:59.57 [13140:4616:0714/115359.569:ERROR:gcm_channel_status_request.cc(127)] GCM channel request failed.
7月 14, 2017 11:57:58.94 [13140:4616:0714/115758.946:ERROR:gcm_channel_status_request.cc(127)] GCM channel request failed.
7月 14, 2017 12:03:24.06 [13140:4616:0714/120324.060:ERROR:gcm_channel_status_request.cc(127)] GCM channel request failed.
7月 14, 2017 12:13:24.06 [13140:4616:0714/121324.062:ERROR:gcm_channel_status_request.cc(127)] GCM channel request failed.
7月 14, 2017 12:23:24.06 [13140:4616:0714/122324.066:ERROR:gcm_channel_status_request.cc(127)] GCM channel request failed.
7月 14, 2017 12:33:24.06 [13140:4616:0714/123324.068:ERROR:gcm_channel_status_request.cc(127)] GCM channel request failed.
7月 14, 2017 12:43:24.07 [13140:4616:0714/124324.071:ERROR:gcm_channel_status_request.cc(127)] GCM channel request failed.
7月 14, 2017 12:53:24.07 [13140:4616:0714/125324.074:ERROR:gcm_channel_status_request.cc(127)] GCM channel request failed.
7月 14, 2017 13:03:24.07 [13140:4616:0714/130324.077:ERROR:gcm_channel_status_request.cc(127)] GCM channel request failed.
7月 14, 2017 13:13:24.08 [13140:4616:0714/131324.079:ERROR:gcm_channel_status_request.cc(127)] GCM channel request failed.
7月 14, 2017 13:23:24.08 [13140:4616:0714/132324.082:ERROR:gcm_channel_status_request.cc(127)] GCM channel request failed.
7月 14, 2017 13:33:24.08 [13140:4616:0714/133324.085:ERROR:gcm_channel_status_request.cc(127)] GCM channel request failed.
7月 14, 2017 13:43:24.08 [13140:4616:0714/134324.087:ERROR:gcm_channel_status_request.cc(127)] GCM channel request failed.
7月 14, 2017 13:53:24.08 [13140:4616:0714/135324.089:ERROR:gcm_channel_status_request.cc(127)] GCM channel request failed.

7月 18, 2017 09:09:35.27 NEW SESSION
7月 18, 2017 09:09:35.27 [664:8808:0718/090935.271:ERROR:media_internals.cc(103)] Cannot get RenderProcessHost
7月 18, 2017 09:09:35.34 [664:8808:0718/090935.271:ERROR:media_internals.cc(103)] Cannot get RenderProcessHost
7月 18, 2017 09:09:35.34 [664:8808:0718/090935.271:ERROR:media_internals.cc(103)] Cannot get RenderProcessHost
